10:44:27.028 [main] DEBUG co.verisoft.fw.store.StoreImp - Insert into store KEY: screenshots	VALUE: {}
10:44:27.157 [main] DEBUG co.verisoft.fw.store.StoreImp - Insert into store KEY: testId	VALUE: 19d9b923-af45-42c1-b5ba-e465ef597f19
10:44:27.194 [main] DEBUG co.verisoft.fw.extentreport.DelegateExtentReports - Reporter attached
10:44:27.265 [main] DEBUG co.verisoft.fw.extentreport.DelegateExtentReports - Creates new Test. Name: testF10
10:44:27.266 [main] DEBUG co.verisoft.fw.extentreport.DelegateExtentReports - Creates new Test. Name: testF10, description: null
10:44:27.270 [main] INFO  co.verisoft.fw.extentreport.DelegateExtentTest - Report Log - Log. Status: Info, detils: Test Name: testF10 (Report source: OTHER)
10:44:27.275 [main] INFO  co.verisoft.fw.extentreport.DelegateExtentTest - Report Log - Log. Status: Info, detils: KEY: testId  VALUE: 19d9b923-af45-42c1-b5ba-e465ef597f19 (Report source: OTHER)
10:44:30.074 [main] DEBUG co.verisoft.fw.selenium.drivers.VerisoftDriverManager - Register driver FirefoxDriver: firefox on WINDOWS (20e3b3de-9bfb-416f-86c0-c79093858485) by Thread ID 1
10:44:30.085 [main] DEBUG co.verisoft.fw.selenium.drivers.VerisoftDriver - Driver activity log: get URL -> https://www.w3schools.com/html/html_tables.asp
10:44:32.912 [main] DEBUG co.verisoft.fw.selenium.listeners.DriverListener - After Get Operation  URL https://www.w3schools.com/html/html_tables.asp driver FirefoxDriver: firefox on WINDOWS (20e3b3de-9bfb-416f-86c0-c79093858485) Action time: 1678956272912
10:44:32.930 [main] DEBUG co.verisoft.fw.selenium.drivers.VerisoftDriver - Driver activity log: Going to find multiple elements using locator -> By.xpath: //*[@id='customers']/tbody/tr[1]/th
10:44:32.986 [main] DEBUG co.verisoft.fw.selenium.listeners.DriverListener - After find Elements. Found 3 Elements  using locatorBy.xpath: //*[@id='customers']/tbody/tr[1]/th Action time 1678956272985 Elements list: [Decorated {[[FirefoxDriver: firefox on WINDOWS (20e3b3de-9bfb-416f-86c0-c79093858485)] -> xpath: //*[@id='customers']/tbody/tr[1]/th]}, Decorated {[[FirefoxDriver: firefox on WINDOWS (20e3b3de-9bfb-416f-86c0-c79093858485)] -> xpath: //*[@id='customers']/tbody/tr[1]/th]}, Decorated {[[FirefoxDriver: firefox on WINDOWS (20e3b3de-9bfb-416f-86c0-c79093858485)] -> xpath: //*[@id='customers']/tbody/tr[1]/th]}] With driver FirefoxDriver: firefox on WINDOWS (20e3b3de-9bfb-416f-86c0-c79093858485)
10:44:33.002 [main] DEBUG co.verisoft.fw.selenium.listeners.WebElementListener - After get text. Element [[FirefoxDriver: firefox on WINDOWS (20e3b3de-9bfb-416f-86c0-c79093858485)] -> xpath: //*[@id='customers']/tbody/tr[1]/th], text: Company Action time 1678956273002
10:44:33.008 [main] DEBUG co.verisoft.fw.selenium.listeners.WebElementListener - After get text. Element [[FirefoxDriver: firefox on WINDOWS (20e3b3de-9bfb-416f-86c0-c79093858485)] -> xpath: //*[@id='customers']/tbody/tr[1]/th], text: Contact Action time 1678956273008
10:44:33.012 [main] DEBUG co.verisoft.fw.selenium.listeners.WebElementListener - After get text. Element [[FirefoxDriver: firefox on WINDOWS (20e3b3de-9bfb-416f-86c0-c79093858485)] -> xpath: //*[@id='customers']/tbody/tr[1]/th], text: Country Action time 1678956273012
10:44:33.014 [main] INFO  co.verisoft.fw.extentreport.DelegateExtentTest - Report Log - Pass. Details: Invalid th
10:44:33.015 [main] DEBUG co.verisoft.fw.selenium.drivers.VerisoftDriverManager - Get driver by Thread ID (Key)1
10:44:33.623 [main] INFO  co.verisoft.fw.extentreport.DelegateExtentTest - Report Log - Get Status. Status: Pass
10:44:33.623 [main] DEBUG co.verisoft.fw.store.StoreImp - Retrieved {} from store using key screenshots
10:44:33.623 [main] INFO  co.verisoft.fw.extentreport.DelegateExtentTest - Report Log - Pass. Details: Test Result - PASS
10:44:33.627 [main] DEBUG co.verisoft.fw.store.StoreImp - Insert into store KEY: testId	VALUE: 171d1d4c-1e2e-4826-8091-d38c07da71fe
10:44:33.628 [main] DEBUG co.verisoft.fw.extentreport.DelegateExtentReports - Creates new Test. Name: testF11
10:44:33.628 [main] DEBUG co.verisoft.fw.extentreport.DelegateExtentReports - Creates new Test. Name: testF11, description: null
10:44:33.628 [main] INFO  co.verisoft.fw.extentreport.DelegateExtentTest - Report Log - Log. Status: Info, detils: Test Name: testF11 (Report source: OTHER)
10:44:33.630 [main] INFO  co.verisoft.fw.extentreport.DelegateExtentTest - Report Log - Log. Status: Info, detils: KEY: testId  VALUE: 171d1d4c-1e2e-4826-8091-d38c07da71fe (Report source: OTHER)
10:44:35.312 [main] DEBUG co.verisoft.fw.selenium.drivers.VerisoftDriverManager - Register driver FirefoxDriver: firefox on WINDOWS (ab23155a-5e01-412f-af07-9cce74e1936b) by Thread ID 1
10:44:35.315 [main] DEBUG co.verisoft.fw.selenium.drivers.VerisoftDriver - Driver activity log: get URL -> https://www.w3schools.com/html/html_tables.asp
10:44:37.057 [main] DEBUG co.verisoft.fw.selenium.listeners.DriverListener - After Get Operation  URL https://www.w3schools.com/html/html_tables.asp driver FirefoxDriver: firefox on WINDOWS (ab23155a-5e01-412f-af07-9cce74e1936b) Action time: 1678956277057
10:44:37.059 [main] DEBUG co.verisoft.fw.selenium.drivers.VerisoftDriver - Driver activity log: Going to find multiple elements using locator -> By.xpath: //*[@id='customers']/tbody/tr[2]/td[position()>=2 and position()<4]
10:44:37.084 [main] DEBUG co.verisoft.fw.selenium.listeners.DriverListener - After find Elements. Found 2 Elements  using locatorBy.xpath: //*[@id='customers']/tbody/tr[2]/td[position()>=2 and position()<4] Action time 1678956277084 Elements list: [Decorated {[[FirefoxDriver: firefox on WINDOWS (ab23155a-5e01-412f-af07-9cce74e1936b)] -> xpath: //*[@id='customers']/tbody/tr[2]/td[position()>=2 and position()<4]]}, Decorated {[[FirefoxDriver: firefox on WINDOWS (ab23155a-5e01-412f-af07-9cce74e1936b)] -> xpath: //*[@id='customers']/tbody/tr[2]/td[position()>=2 and position()<4]]}] With driver FirefoxDriver: firefox on WINDOWS (ab23155a-5e01-412f-af07-9cce74e1936b)
10:44:37.099 [main] DEBUG co.verisoft.fw.selenium.listeners.WebElementListener - After get text. Element [[FirefoxDriver: firefox on WINDOWS (ab23155a-5e01-412f-af07-9cce74e1936b)] -> xpath: //*[@id='customers']/tbody/tr[2]/td[position()>=2 and position()<4]], text: Maria Anders Action time 1678956277099
10:44:37.103 [main] DEBUG co.verisoft.fw.selenium.listeners.WebElementListener - After get text. Element [[FirefoxDriver: firefox on WINDOWS (ab23155a-5e01-412f-af07-9cce74e1936b)] -> xpath: //*[@id='customers']/tbody/tr[2]/td[position()>=2 and position()<4]], text: Germany Action time 1678956277103
10:44:37.103 [main] INFO  co.verisoft.fw.extentreport.DelegateExtentTest - Report Log - Pass. Details: Invalid
10:44:37.107 [main] DEBUG co.verisoft.fw.selenium.drivers.VerisoftDriver - Driver activity log: Going to find multiple elements using locator -> By.xpath: //*[@id='customers']/tbody/tr[3]/td[position()>=2 and position()<4]
10:44:37.123 [main] DEBUG co.verisoft.fw.selenium.listeners.DriverListener - After find Elements. Found 2 Elements  using locatorBy.xpath: //*[@id='customers']/tbody/tr[3]/td[position()>=2 and position()<4] Action time 1678956277122 Elements list: [Decorated {[[FirefoxDriver: firefox on WINDOWS (ab23155a-5e01-412f-af07-9cce74e1936b)] -> xpath: //*[@id='customers']/tbody/tr[3]/td[position()>=2 and position()<4]]}, Decorated {[[FirefoxDriver: firefox on WINDOWS (ab23155a-5e01-412f-af07-9cce74e1936b)] -> xpath: //*[@id='customers']/tbody/tr[3]/td[position()>=2 and position()<4]]}] With driver FirefoxDriver: firefox on WINDOWS (ab23155a-5e01-412f-af07-9cce74e1936b)
10:44:37.127 [main] DEBUG co.verisoft.fw.selenium.listeners.WebElementListener - After get text. Element [[FirefoxDriver: firefox on WINDOWS (ab23155a-5e01-412f-af07-9cce74e1936b)] -> xpath: //*[@id='customers']/tbody/tr[3]/td[position()>=2 and position()<4]], text: Francisco Chang Action time 1678956277127
10:44:37.132 [main] DEBUG co.verisoft.fw.selenium.listeners.WebElementListener - After get text. Element [[FirefoxDriver: firefox on WINDOWS (ab23155a-5e01-412f-af07-9cce74e1936b)] -> xpath: //*[@id='customers']/tbody/tr[3]/td[position()>=2 and position()<4]], text: Mexico Action time 1678956277132
10:44:37.132 [main] INFO  co.verisoft.fw.extentreport.DelegateExtentTest - Report Log - Pass. Details: Invalid
10:44:37.133 [main] DEBUG co.verisoft.fw.selenium.drivers.VerisoftDriverManager - Get driver by Thread ID (Key)1
10:44:37.676 [main] INFO  co.verisoft.fw.extentreport.DelegateExtentTest - Report Log - Get Status. Status: Pass
10:44:37.676 [main] DEBUG co.verisoft.fw.store.StoreImp - Retrieved {} from store using key screenshots
10:44:37.676 [main] INFO  co.verisoft.fw.extentreport.DelegateExtentTest - Report Log - Pass. Details: Test Result - PASS
10:44:37.677 [main] DEBUG co.verisoft.fw.store.StoreImp - Insert into store KEY: testId	VALUE: 25a61650-9b65-4094-9722-5c8df9a88f25
10:44:37.678 [main] DEBUG co.verisoft.fw.extentreport.DelegateExtentReports - Creates new Test. Name: testF1
10:44:37.678 [main] DEBUG co.verisoft.fw.extentreport.DelegateExtentReports - Creates new Test. Name: testF1, description: null
10:44:37.678 [main] INFO  co.verisoft.fw.extentreport.DelegateExtentTest - Report Log - Log. Status: Info, detils: Test Name: testF1 (Report source: OTHER)
10:44:37.678 [main] INFO  co.verisoft.fw.extentreport.DelegateExtentTest - Report Log - Log. Status: Info, detils: KEY: testId  VALUE: 25a61650-9b65-4094-9722-5c8df9a88f25 (Report source: OTHER)
10:44:39.393 [main] DEBUG co.verisoft.fw.selenium.drivers.VerisoftDriverManager - Register driver FirefoxDriver: firefox on WINDOWS (d1471c0d-5d45-4f06-a469-9aba600f670a) by Thread ID 1
10:44:39.395 [main] DEBUG co.verisoft.fw.selenium.drivers.VerisoftDriver - Driver activity log: get URL -> https://www.w3schools.com/
10:44:41.774 [main] DEBUG co.verisoft.fw.selenium.listeners.DriverListener - After Get Operation  URL https://www.w3schools.com/ driver FirefoxDriver: firefox on WINDOWS (d1471c0d-5d45-4f06-a469-9aba600f670a) Action time: 1678956281774
10:44:41.780 [main] DEBUG co.verisoft.fw.selenium.drivers.VerisoftDriver - Driver activity log: Going to find a single element using locator-> By.className: learntocodeh1
10:44:41.795 [main] DEBUG co.verisoft.fw.selenium.listeners.DriverListener - After find Element. Driver FirefoxDriver: firefox on WINDOWS (d1471c0d-5d45-4f06-a469-9aba600f670a) Locator By.className: learntocodeh1, result Element: Decorated {[[FirefoxDriver: firefox on WINDOWS (d1471c0d-5d45-4f06-a469-9aba600f670a)] -> class name: learntocodeh1]} Action time 1678956281795
10:44:41.816 [main] DEBUG co.verisoft.fw.selenium.listeners.WebElementListener - After is displayed. Element [[FirefoxDriver: firefox on WINDOWS (d1471c0d-5d45-4f06-a469-9aba600f670a)] -> class name: learntocodeh1], isDisplayed?: true Action time 1678956281816
10:44:41.817 [main] DEBUG co.verisoft.fw.selenium.drivers.VerisoftDriver - Driver activity log: Going to find a single element using locator-> By.className: learntocodeh1
10:44:41.829 [main] DEBUG co.verisoft.fw.selenium.listeners.DriverListener - After find Element. Driver FirefoxDriver: firefox on WINDOWS (d1471c0d-5d45-4f06-a469-9aba600f670a) Locator By.className: learntocodeh1, result Element: Decorated {[[FirefoxDriver: firefox on WINDOWS (d1471c0d-5d45-4f06-a469-9aba600f670a)] -> class name: learntocodeh1]} Action time 1678956281829
10:44:41.830 [main] INFO  co.verisoft.fw.pages.BasePage - elements [Decorated {[[FirefoxDriver: firefox on WINDOWS (d1471c0d-5d45-4f06-a469-9aba600f670a)] -> class name: learntocodeh1]}]was present on page
10:44:41.830 [main] INFO  co.verisoft.fw.extentreport.DelegateExtentTest - Report Log - Pass. Details: Invalid
10:44:44.843 [main] DEBUG co.verisoft.fw.selenium.drivers.VerisoftDriverManager - Get driver by Thread ID (Key)1
10:44:45.381 [main] INFO  co.verisoft.fw.extentreport.DelegateExtentTest - Report Log - Get Status. Status: Pass
10:44:45.381 [main] DEBUG co.verisoft.fw.store.StoreImp - Retrieved {} from store using key screenshots
10:44:45.382 [main] INFO  co.verisoft.fw.extentreport.DelegateExtentTest - Report Log - Pass. Details: Test Result - PASS
10:44:45.383 [main] DEBUG co.verisoft.fw.store.StoreImp - Insert into store KEY: testId	VALUE: ee34a794-b57d-4b78-8bd9-182a9ce9eb76
10:44:45.383 [main] DEBUG co.verisoft.fw.extentreport.DelegateExtentReports - Creates new Test. Name: testF2
10:44:45.383 [main] DEBUG co.verisoft.fw.extentreport.DelegateExtentReports - Creates new Test. Name: testF2, description: null
10:44:45.383 [main] INFO  co.verisoft.fw.extentreport.DelegateExtentTest - Report Log - Log. Status: Info, detils: Test Name: testF2 (Report source: OTHER)
10:44:45.384 [main] INFO  co.verisoft.fw.extentreport.DelegateExtentTest - Report Log - Log. Status: Info, detils: KEY: testId  VALUE: ee34a794-b57d-4b78-8bd9-182a9ce9eb76 (Report source: OTHER)
10:44:46.769 [main] DEBUG co.verisoft.fw.selenium.drivers.VerisoftDriverManager - Register driver FirefoxDriver: firefox on WINDOWS (5e97b1bc-c9ac-40fb-b924-d33a98954aa5) by Thread ID 1
10:44:46.771 [main] DEBUG co.verisoft.fw.selenium.drivers.VerisoftDriver - Driver activity log: get URL -> https://www.w3schools.com/
10:44:49.298 [main] DEBUG co.verisoft.fw.selenium.listeners.DriverListener - After Get Operation  URL https://www.w3schools.com/ driver FirefoxDriver: firefox on WINDOWS (5e97b1bc-c9ac-40fb-b924-d33a98954aa5) Action time: 1678956289298
10:44:49.299 [main] DEBUG co.verisoft.fw.selenium.drivers.VerisoftDriver - Driver activity log: Going to find a single element using locator-> By.id: search2
10:44:49.313 [main] DEBUG co.verisoft.fw.selenium.listeners.DriverListener - After find Element. Driver FirefoxDriver: firefox on WINDOWS (5e97b1bc-c9ac-40fb-b924-d33a98954aa5) Locator By.id: search2, result Element: Decorated {[[FirefoxDriver: firefox on WINDOWS (5e97b1bc-c9ac-40fb-b924-d33a98954aa5)] -> id: search2]} Action time 1678956289313
10:44:49.334 [main] DEBUG co.verisoft.fw.selenium.listeners.WebElementListener - Sent keys for element [[FirefoxDriver: firefox on WINDOWS (5e97b1bc-c9ac-40fb-b924-d33a98954aa5)] -> id: search2] Keys were: [Ljava.lang.CharSequence;@730bea0 Action time: 1678956289334
10:44:49.334 [main] DEBUG co.verisoft.fw.selenium.drivers.VerisoftDriver - Driver activity log: Going to find a single element using locator-> By.id: listofsearchresults
10:44:49.346 [main] DEBUG co.verisoft.fw.selenium.listeners.DriverListener - After find Element. Driver FirefoxDriver: firefox on WINDOWS (5e97b1bc-c9ac-40fb-b924-d33a98954aa5) Locator By.id: listofsearchresults, result Element: Decorated {[[FirefoxDriver: firefox on WINDOWS (5e97b1bc-c9ac-40fb-b924-d33a98954aa5)] -> id: listofsearchresults]} Action time 1678956289346
10:44:49.359 [main] DEBUG co.verisoft.fw.selenium.listeners.WebElementListener - After get attribute. Element [[FirefoxDriver: firefox on WINDOWS (5e97b1bc-c9ac-40fb-b924-d33a98954aa5)] -> id: listofsearchresults], attribute: display: block; Action time 1678956289359
10:44:49.359 [main] DEBUG co.verisoft.fw.selenium.drivers.VerisoftDriver - Driver activity log: Going to find a single element using locator-> By.id: listofsearchresults
10:44:49.366 [main] DEBUG co.verisoft.fw.selenium.listeners.DriverListener - After find Element. Driver FirefoxDriver: firefox on WINDOWS (5e97b1bc-c9ac-40fb-b924-d33a98954aa5) Locator By.id: listofsearchresults, result Element: Decorated {[[FirefoxDriver: firefox on WINDOWS (5e97b1bc-c9ac-40fb-b924-d33a98954aa5)] -> id: listofsearchresults]} Action time 1678956289366
10:44:49.404 [main] DEBUG co.verisoft.fw.selenium.listeners.WebElementListener - After find Elements. Found 7Elements  using locatorBy.className: search_item Action time 1678956289404 Elements list: [Decorated {[[[[FirefoxDriver: firefox on WINDOWS (5e97b1bc-c9ac-40fb-b924-d33a98954aa5)] -> id: listofsearchresults]] -> class name: search_item]}, Decorated {[[[[FirefoxDriver: firefox on WINDOWS (5e97b1bc-c9ac-40fb-b924-d33a98954aa5)] -> id: listofsearchresults]] -> class name: search_item]}, Decorated {[[[[FirefoxDriver: firefox on WINDOWS (5e97b1bc-c9ac-40fb-b924-d33a98954aa5)] -> id: listofsearchresults]] -> class name: search_item]}, Decorated {[[[[FirefoxDriver: firefox on WINDOWS (5e97b1bc-c9ac-40fb-b924-d33a98954aa5)] -> id: listofsearchresults]] -> class name: search_item]}, Decorated {[[[[FirefoxDriver: firefox on WINDOWS (5e97b1bc-c9ac-40fb-b924-d33a98954aa5)] -> id: listofsearchresults]] -> class name: search_item]}, Decorated {[[[[FirefoxDriver: firefox on WINDOWS (5e97b1bc-c9ac-40fb-b924-d33a98954aa5)] -> id: listofsearchresults]] -> class name: search_item]}, Decorated {[[[[FirefoxDriver: firefox on WINDOWS (5e97b1bc-c9ac-40fb-b924-d33a98954aa5)] -> id: listofsearchresults]] -> class name: search_item]}]
10:44:49.417 [main] DEBUG co.verisoft.fw.selenium.listeners.WebElementListener - After get text. Element [[[[FirefoxDriver: firefox on WINDOWS (5e97b1bc-c9ac-40fb-b924-d33a98954aa5)] -> id: listofsearchresults]] -> class name: search_item], text: JavaScript Tutorial Action time 1678956289417
10:44:49.423 [main] DEBUG co.verisoft.fw.selenium.listeners.WebElementListener - After get text. Element [[[[FirefoxDriver: firefox on WINDOWS (5e97b1bc-c9ac-40fb-b924-d33a98954aa5)] -> id: listofsearchresults]] -> class name: search_item], text: JAVA Tutorial Action time 1678956289423
10:44:49.427 [main] DEBUG co.verisoft.fw.selenium.listeners.WebElementListener - After get text. Element [[[[FirefoxDriver: firefox on WINDOWS (5e97b1bc-c9ac-40fb-b924-d33a98954aa5)] -> id: listofsearchresults]] -> class name: search_item], text: JavaScript Reference Action time 1678956289427
10:44:49.431 [main] DEBUG co.verisoft.fw.selenium.listeners.WebElementListener - After get text. Element [[[[FirefoxDriver: firefox on WINDOWS (5e97b1bc-c9ac-40fb-b924-d33a98954aa5)] -> id: listofsearchresults]] -> class name: search_item], text: Java Reference Action time 1678956289431
10:44:49.434 [main] DEBUG co.verisoft.fw.selenium.listeners.WebElementListener - After get text. Element [[[[FirefoxDriver: firefox on WINDOWS (5e97b1bc-c9ac-40fb-b924-d33a98954aa5)] -> id: listofsearchresults]] -> class name: search_item], text: JavaScript Certificate Action time 1678956289434
10:44:49.440 [main] DEBUG co.verisoft.fw.selenium.listeners.WebElementListener - After get text. Element [[[[FirefoxDriver: firefox on WINDOWS (5e97b1bc-c9ac-40fb-b924-d33a98954aa5)] -> id: listofsearchresults]] -> class name: search_item], text: Java Certificate Action time 1678956289440
10:44:49.444 [main] DEBUG co.verisoft.fw.selenium.listeners.WebElementListener - After get text. Element [[[[FirefoxDriver: firefox on WINDOWS (5e97b1bc-c9ac-40fb-b924-d33a98954aa5)] -> id: listofsearchresults]] -> class name: search_item], text: JAVA Compiler Action time 1678956289444
10:44:49.444 [main] INFO  co.verisoft.fw.extentreport.DelegateExtentTest - Report Log - Pass. Details: the list is open and contain java
10:44:49.444 [main] DEBUG co.verisoft.fw.selenium.drivers.VerisoftDriverManager - Get driver by Thread ID (Key)1
10:44:50.014 [main] INFO  co.verisoft.fw.extentreport.DelegateExtentTest - Report Log - Get Status. Status: Pass
10:44:50.015 [main] DEBUG co.verisoft.fw.store.StoreImp - Retrieved {} from store using key screenshots
10:44:50.015 [main] INFO  co.verisoft.fw.extentreport.DelegateExtentTest - Report Log - Pass. Details: Test Result - PASS
10:44:50.017 [main] DEBUG co.verisoft.fw.store.StoreImp - Insert into store KEY: testId	VALUE: 99c94e6f-edd0-4869-8f52-cd33b59f44c7
10:44:50.017 [main] DEBUG co.verisoft.fw.extentreport.DelegateExtentReports - Creates new Test. Name: testF3
10:44:50.017 [main] DEBUG co.verisoft.fw.extentreport.DelegateExtentReports - Creates new Test. Name: testF3, description: null
10:44:50.017 [main] INFO  co.verisoft.fw.extentreport.DelegateExtentTest - Report Log - Log. Status: Info, detils: Test Name: testF3 (Report source: OTHER)
10:44:50.017 [main] INFO  co.verisoft.fw.extentreport.DelegateExtentTest - Report Log - Log. Status: Info, detils: KEY: testId  VALUE: 99c94e6f-edd0-4869-8f52-cd33b59f44c7 (Report source: OTHER)
10:44:51.418 [main] DEBUG co.verisoft.fw.selenium.drivers.VerisoftDriverManager - Register driver FirefoxDriver: firefox on WINDOWS (6612843b-775f-4c5a-a500-a28cc5aa62d2) by Thread ID 1
10:44:51.420 [main] DEBUG co.verisoft.fw.selenium.drivers.VerisoftDriver - Driver activity log: get URL -> https://www.w3schools.com/
10:44:53.960 [main] DEBUG co.verisoft.fw.selenium.listeners.DriverListener - After Get Operation  URL https://www.w3schools.com/ driver FirefoxDriver: firefox on WINDOWS (6612843b-775f-4c5a-a500-a28cc5aa62d2) Action time: 1678956293960
10:44:53.961 [main] DEBUG co.verisoft.fw.selenium.drivers.VerisoftDriver - Driver activity log: Going to find a single element using locator-> By.id: search2
10:44:53.972 [main] DEBUG co.verisoft.fw.selenium.listeners.DriverListener - After find Element. Driver FirefoxDriver: firefox on WINDOWS (6612843b-775f-4c5a-a500-a28cc5aa62d2) Locator By.id: search2, result Element: Decorated {[[FirefoxDriver: firefox on WINDOWS (6612843b-775f-4c5a-a500-a28cc5aa62d2)] -> id: search2]} Action time 1678956293972
10:44:53.994 [main] DEBUG co.verisoft.fw.selenium.listeners.WebElementListener - Sent keys for element [[FirefoxDriver: firefox on WINDOWS (6612843b-775f-4c5a-a500-a28cc5aa62d2)] -> id: search2] Keys were: [Ljava.lang.CharSequence;@36463b09 Action time: 1678956293994
10:44:53.995 [main] DEBUG co.verisoft.fw.selenium.drivers.VerisoftDriver - Driver activity log: Going to find a single element using locator-> By.id: listofsearchresults
10:44:54.001 [main] DEBUG co.verisoft.fw.selenium.listeners.DriverListener - After find Element. Driver FirefoxDriver: firefox on WINDOWS (6612843b-775f-4c5a-a500-a28cc5aa62d2) Locator By.id: listofsearchresults, result Element: Decorated {[[FirefoxDriver: firefox on WINDOWS (6612843b-775f-4c5a-a500-a28cc5aa62d2)] -> id: listofsearchresults]} Action time 1678956294001
10:44:54.035 [main] DEBUG co.verisoft.fw.selenium.listeners.WebElementListener - After find Elements. Found 7Elements  using locatorBy.className: search_item Action time 1678956294035 Elements list: [Decorated {[[[[FirefoxDriver: firefox on WINDOWS (6612843b-775f-4c5a-a500-a28cc5aa62d2)] -> id: listofsearchresults]] -> class name: search_item]}, Decorated {[[[[FirefoxDriver: firefox on WINDOWS (6612843b-775f-4c5a-a500-a28cc5aa62d2)] -> id: listofsearchresults]] -> class name: search_item]}, Decorated {[[[[FirefoxDriver: firefox on WINDOWS (6612843b-775f-4c5a-a500-a28cc5aa62d2)] -> id: listofsearchresults]] -> class name: search_item]}, Decorated {[[[[FirefoxDriver: firefox on WINDOWS (6612843b-775f-4c5a-a500-a28cc5aa62d2)] -> id: listofsearchresults]] -> class name: search_item]}, Decorated {[[[[FirefoxDriver: firefox on WINDOWS (6612843b-775f-4c5a-a500-a28cc5aa62d2)] -> id: listofsearchresults]] -> class name: search_item]}, Decorated {[[[[FirefoxDriver: firefox on WINDOWS (6612843b-775f-4c5a-a500-a28cc5aa62d2)] -> id: listofsearchresults]] -> class name: search_item]}, Decorated {[[[[FirefoxDriver: firefox on WINDOWS (6612843b-775f-4c5a-a500-a28cc5aa62d2)] -> id: listofsearchresults]] -> class name: search_item]}]
10:44:54.050 [main] DEBUG co.verisoft.fw.selenium.listeners.WebElementListener - After get text. Element [[[[FirefoxDriver: firefox on WINDOWS (6612843b-775f-4c5a-a500-a28cc5aa62d2)] -> id: listofsearchresults]] -> class name: search_item], text: JavaScript Tutorial Action time 1678956294050
10:44:54.056 [main] DEBUG co.verisoft.fw.selenium.listeners.WebElementListener - After get text. Element [[[[FirefoxDriver: firefox on WINDOWS (6612843b-775f-4c5a-a500-a28cc5aa62d2)] -> id: listofsearchresults]] -> class name: search_item], text: JAVA Tutorial Action time 1678956294056
10:44:55.545 [main] DEBUG co.verisoft.fw.selenium.listeners.WebElementListener - Clicked on element [[[[FirefoxDriver: firefox on WINDOWS (6612843b-775f-4c5a-a500-a28cc5aa62d2)] -> id: listofsearchresults]] -> class name: search_item] Action time: 1678956295545
10:44:55.545 [main] DEBUG co.verisoft.fw.selenium.drivers.VerisoftDriverManager - Get driver by Thread ID (Key)1
10:44:56.087 [main] INFO  co.verisoft.fw.extentreport.DelegateExtentTest - Report Log - Get Status. Status: Pass
10:44:56.087 [main] DEBUG co.verisoft.fw.store.StoreImp - Retrieved {} from store using key screenshots
10:44:56.087 [main] INFO  co.verisoft.fw.extentreport.DelegateExtentTest - Report Log - Pass. Details: Test Result - PASS
10:44:56.088 [main] DEBUG co.verisoft.fw.store.StoreImp - Insert into store KEY: testId	VALUE: 0a89304a-0edc-4bc1-a81d-f2e6f9e33d0d
10:44:56.088 [main] DEBUG co.verisoft.fw.extentreport.DelegateExtentReports - Creates new Test. Name: testF4
10:44:56.088 [main] DEBUG co.verisoft.fw.extentreport.DelegateExtentReports - Creates new Test. Name: testF4, description: null
10:44:56.088 [main] INFO  co.verisoft.fw.extentreport.DelegateExtentTest - Report Log - Log. Status: Info, detils: Test Name: testF4 (Report source: OTHER)
10:44:56.088 [main] INFO  co.verisoft.fw.extentreport.DelegateExtentTest - Report Log - Log. Status: Info, detils: KEY: testId  VALUE: 0a89304a-0edc-4bc1-a81d-f2e6f9e33d0d (Report source: OTHER)
10:44:57.754 [main] DEBUG co.verisoft.fw.selenium.drivers.VerisoftDriverManager - Register driver FirefoxDriver: firefox on WINDOWS (4994f8da-0663-4df9-8700-7be7699c54d4) by Thread ID 1
10:44:57.755 [main] DEBUG co.verisoft.fw.selenium.drivers.VerisoftDriver - Driver activity log: get URL -> https://www.w3schools.com/java/default.asp
10:44:59.982 [main] DEBUG co.verisoft.fw.selenium.listeners.DriverListener - After Get Operation  URL https://www.w3schools.com/java/default.asp driver FirefoxDriver: firefox on WINDOWS (4994f8da-0663-4df9-8700-7be7699c54d4) Action time: 1678956299982
10:44:59.983 [main] DEBUG co.verisoft.fw.selenium.drivers.VerisoftDriver - Driver activity log: Going to find multiple elements using locator -> By.xpath: //*[@id='leftmenuinnerinner']/a
10:45:00.247 [main] DEBUG co.verisoft.fw.selenium.listeners.DriverListener - After find Elements. Found 65 Elements  using locatorBy.xpath: //*[@id='leftmenuinnerinner']/a Action time 1678956300245 Elements list: [Decorated {[[FirefoxDriver: firefox on WINDOWS (4994f8da-0663-4df9-8700-7be7699c54d4)] -> xpath: //*[@id='leftmenuinnerinner']/a]}, Decorated {[[FirefoxDriver: firefox on WINDOWS (4994f8da-0663-4df9-8700-7be7699c54d4)] -> xpath: //*[@id='leftmenuinnerinner']/a]}, Decorated {[[FirefoxDriver: firefox on WINDOWS (4994f8da-0663-4df9-8700-7be7699c54d4)] -> xpath: //*[@id='leftmenuinnerinner']/a]}, Decorated {[[FirefoxDriver: firefox on WINDOWS (4994f8da-0663-4df9-8700-7be7699c54d4)] -> xpath: //*[@id='leftmenuinnerinner']/a]}, Decorated {[[FirefoxDriver: firefox on WINDOWS (4994f8da-0663-4df9-8700-7be7699c54d4)] -> xpath: //*[@id='leftmenuinnerinner']/a]}, Decorated {[[FirefoxDriver: firefox on WINDOWS (4994f8da-0663-4df9-8700-7be7699c54d4)] -> xpath: //*[@id='leftmenuinnerinner']/a]}, Decorated {[[FirefoxDriver: firefox on WINDOWS (4994f8da-0663-4df9-8700-7be7699c54d4)] -> xpath: //*[@id='leftmenuinnerinner']/a]}, Decorated {[[FirefoxDriver: firefox on WINDOWS (4994f8da-0663-4df9-8700-7be7699c54d4)] -> xpath: //*[@id='leftmenuinnerinner']/a]}, Decorated {[[FirefoxDriver: firefox on WINDOWS (4994f8da-0663-4df9-8700-7be7699c54d4)] -> xpath: //*[@id='leftmenuinnerinner']/a]}, Decorated {[[FirefoxDriver: firefox on WINDOWS (4994f8da-0663-4df9-8700-7be7699c54d4)] -> xpath: //*[@id='leftmenuinnerinner']/a]}, Decorated {[[FirefoxDriver: firefox on WINDOWS (4994f8da-0663-4df9-8700-7be7699c54d4)] -> xpath: //*[@id='leftmenuinnerinner']/a]}, Decorated {[[FirefoxDriver: firefox on WINDOWS (4994f8da-0663-4df9-8700-7be7699c54d4)] -> xpath: //*[@id='leftmenuinnerinner']/a]}, Decorated {[[FirefoxDriver: firefox on WINDOWS (4994f8da-0663-4df9-8700-7be7699c54d4)] -> xpath: //*[@id='leftmenuinnerinner']/a]}, Decorated {[[FirefoxDriver: firefox on WINDOWS (4994f8da-0663-4df9-8700-7be7699c54d4)] -> xpath: //*[@id='leftmenuinnerinner']/a]}, Decorated {[[FirefoxDriver: firefox on WINDOWS (4994f8da-0663-4df9-8700-7be7699c54d4)] -> xpath: //*[@id='leftmenuinnerinner']/a]}, Decorated {[[FirefoxDriver: firefox on WINDOWS (4994f8da-0663-4df9-8700-7be7699c54d4)] -> xpath: //*[@id='leftmenuinnerinner']/a]}, Decorated {[[FirefoxDriver: firefox on WINDOWS (4994f8da-0663-4df9-8700-7be7699c54d4)] -> xpath: //*[@id='leftmenuinnerinner']/a]}, Decorated {[[FirefoxDriver: firefox on WINDOWS (4994f8da-0663-4df9-8700-7be7699c54d4)] -> xpath: //*[@id='leftmenuinnerinner']/a]}, Decorated {[[FirefoxDriver: firefox on WINDOWS (4994f8da-0663-4df9-8700-7be7699c54d4)] -> xpath: //*[@id='leftmenuinnerinner']/a]}, Decorated {[[FirefoxDriver: firefox on WINDOWS (4994f8da-0663-4df9-8700-7be7699c54d4)] -> xpath: //*[@id='leftmenuinnerinner']/a]}, Decorated {[[FirefoxDriver: firefox on WINDOWS (4994f8da-0663-4df9-8700-7be7699c54d4)] -> xpath: //*[@id='leftmenuinnerinner']/a]}, Decorated {[[FirefoxDriver: firefox on WINDOWS (4994f8da-0663-4df9-8700-7be7699c54d4)] -> xpath: //*[@id='leftmenuinnerinner']/a]}, Decorated {[[FirefoxDriver: firefox on WINDOWS (4994f8da-0663-4df9-8700-7be7699c54d4)] -> xpath: //*[@id='leftmenuinnerinner']/a]}, Decorated {[[FirefoxDriver: firefox on WINDOWS (4994f8da-0663-4df9-8700-7be7699c54d4)] -> xpath: //*[@id='leftmenuinnerinner']/a]}, Decorated {[[FirefoxDriver: firefox on WINDOWS (4994f8da-0663-4df9-8700-7be7699c54d4)] -> xpath: //*[@id='leftmenuinnerinner']/a]}, Decorated {[[FirefoxDriver: firefox on WINDOWS (4994f8da-0663-4df9-8700-7be7699c54d4)] -> xpath: //*[@id='leftmenuinnerinner']/a]}, Decorated {[[FirefoxDriver: firefox on WINDOWS (4994f8da-0663-4df9-8700-7be7699c54d4)] -> xpath: //*[@id='leftmenuinnerinner']/a]}, Decorated {[[FirefoxDriver: firefox on WINDOWS (4994f8da-0663-4df9-8700-7be7699c54d4)] -> xpath: //*[@id='leftmenuinnerinner']/a]}, Decorated {[[FirefoxDriver: firefox on WINDOWS (4994f8da-0663-4df9-8700-7be7699c54d4)] -> xpath: //*[@id='leftmenuinnerinner']/a]}, Decorated {[[FirefoxDriver: firefox on WINDOWS (4994f8da-0663-4df9-8700-7be7699c54d4)] -> xpath: //*[@id='leftmenuinnerinner']/a]}, Decorated {[[FirefoxDriver: firefox on WINDOWS (4994f8da-0663-4df9-8700-7be7699c54d4)] -> xpath: //*[@id='leftmenuinnerinner']/a]}, Decorated {[[FirefoxDriver: firefox on WINDOWS (4994f8da-0663-4df9-8700-7be7699c54d4)] -> xpath: //*[@id='leftmenuinnerinner']/a]}, Decorated {[[FirefoxDriver: firefox on WINDOWS (4994f8da-0663-4df9-8700-7be7699c54d4)] -> xpath: //*[@id='leftmenuinnerinner']/a]}, Decorated {[[FirefoxDriver: firefox on WINDOWS (4994f8da-0663-4df9-8700-7be7699c54d4)] -> xpath: //*[@id='leftmenuinnerinner']/a]}, Decorated {[[FirefoxDriver: firefox on WINDOWS (4994f8da-0663-4df9-8700-7be7699c54d4)] -> xpath: //*[@id='leftmenuinnerinner']/a]}, Decorated {[[FirefoxDriver: firefox on WINDOWS (4994f8da-0663-4df9-8700-7be7699c54d4)] -> xpath: //*[@id='leftmenuinnerinner']/a]}, Decorated {[[FirefoxDriver: firefox on WINDOWS (4994f8da-0663-4df9-8700-7be7699c54d4)] -> xpath: //*[@id='leftmenuinnerinner']/a]}, Decorated {[[FirefoxDriver: firefox on WINDOWS (4994f8da-0663-4df9-8700-7be7699c54d4)] -> xpath: //*[@id='leftmenuinnerinner']/a]}, Decorated {[[FirefoxDriver: firefox on WINDOWS (4994f8da-0663-4df9-8700-7be7699c54d4)] -> xpath: //*[@id='leftmenuinnerinner']/a]}, Decorated {[[FirefoxDriver: firefox on WINDOWS (4994f8da-0663-4df9-8700-7be7699c54d4)] -> xpath: //*[@id='leftmenuinnerinner']/a]}, Decorated {[[FirefoxDriver: firefox on WINDOWS (4994f8da-0663-4df9-8700-7be7699c54d4)] -> xpath: //*[@id='leftmenuinnerinner']/a]}, Decorated {[[FirefoxDriver: firefox on WINDOWS (4994f8da-0663-4df9-8700-7be7699c54d4)] -> xpath: //*[@id='leftmenuinnerinner']/a]}, Decorated {[[FirefoxDriver: firefox on WINDOWS (4994f8da-0663-4df9-8700-7be7699c54d4)] -> xpath: //*[@id='leftmenuinnerinner']/a]}, Decorated {[[FirefoxDriver: firefox on WINDOWS (4994f8da-0663-4df9-8700-7be7699c54d4)] -> xpath: //*[@id='leftmenuinnerinner']/a]}, Decorated {[[FirefoxDriver: firefox on WINDOWS (4994f8da-0663-4df9-8700-7be7699c54d4)] -> xpath: //*[@id='leftmenuinnerinner']/a]}, Decorated {[[FirefoxDriver: firefox on WINDOWS (4994f8da-0663-4df9-8700-7be7699c54d4)] -> xpath: //*[@id='leftmenuinnerinner']/a]}, Decorated {[[FirefoxDriver: firefox on WINDOWS (4994f8da-0663-4df9-8700-7be7699c54d4)] -> xpath: //*[@id='leftmenuinnerinner']/a]}, Decorated {[[FirefoxDriver: firefox on WINDOWS (4994f8da-0663-4df9-8700-7be7699c54d4)] -> xpath: //*[@id='leftmenuinnerinner']/a]}, Decorated {[[FirefoxDriver: firefox on WINDOWS (4994f8da-0663-4df9-8700-7be7699c54d4)] -> xpath: //*[@id='leftmenuinnerinner']/a]}, Decorated {[[FirefoxDriver: firefox on WINDOWS (4994f8da-0663-4df9-8700-7be7699c54d4)] -> xpath: //*[@id='leftmenuinnerinner']/a]}, Decorated {[[FirefoxDriver: firefox on WINDOWS (4994f8da-0663-4df9-8700-7be7699c54d4)] -> xpath: //*[@id='leftmenuinnerinner']/a]}, Decorated {[[FirefoxDriver: firefox on WINDOWS (4994f8da-0663-4df9-8700-7be7699c54d4)] -> xpath: //*[@id='leftmenuinnerinner']/a]}, Decorated {[[FirefoxDriver: firefox on WINDOWS (4994f8da-0663-4df9-8700-7be7699c54d4)] -> xpath: //*[@id='leftmenuinnerinner']/a]}, Decorated {[[FirefoxDriver: firefox on WINDOWS (4994f8da-0663-4df9-8700-7be7699c54d4)] -> xpath: //*[@id='leftmenuinnerinner']/a]}, Decorated {[[FirefoxDriver: firefox on WINDOWS (4994f8da-0663-4df9-8700-7be7699c54d4)] -> xpath: //*[@id='leftmenuinnerinner']/a]}, Decorated {[[FirefoxDriver: firefox on WINDOWS (4994f8da-0663-4df9-8700-7be7699c54d4)] -> xpath: //*[@id='leftmenuinnerinner']/a]}, Decorated {[[FirefoxDriver: firefox on WINDOWS (4994f8da-0663-4df9-8700-7be7699c54d4)] -> xpath: //*[@id='leftmenuinnerinner']/a]}, Decorated {[[FirefoxDriver: firefox on WINDOWS (4994f8da-0663-4df9-8700-7be7699c54d4)] -> xpath: //*[@id='leftmenuinnerinner']/a]}, Decorated {[[FirefoxDriver: firefox on WINDOWS (4994f8da-0663-4df9-8700-7be7699c54d4)] -> xpath: //*[@id='leftmenuinnerinner']/a]}, Decorated {[[FirefoxDriver: firefox on WINDOWS (4994f8da-0663-4df9-8700-7be7699c54d4)] -> xpath: //*[@id='leftmenuinnerinner']/a]}, Decorated {[[FirefoxDriver: firefox on WINDOWS (4994f8da-0663-4df9-8700-7be7699c54d4)] -> xpath: //*[@id='leftmenuinnerinner']/a]}, Decorated {[[FirefoxDriver: firefox on WINDOWS (4994f8da-0663-4df9-8700-7be7699c54d4)] -> xpath: //*[@id='leftmenuinnerinner']/a]}, Decorated {[[FirefoxDriver: firefox on WINDOWS (4994f8da-0663-4df9-8700-7be7699c54d4)] -> xpath: //*[@id='leftmenuinnerinner']/a]}, Decorated {[[FirefoxDriver: firefox on WINDOWS (4994f8da-0663-4df9-8700-7be7699c54d4)] -> xpath: //*[@id='leftmenuinnerinner']/a]}, Decorated {[[FirefoxDriver: firefox on WINDOWS (4994f8da-0663-4df9-8700-7be7699c54d4)] -> xpath: //*[@id='leftmenuinnerinner']/a]}] With driver FirefoxDriver: firefox on WINDOWS (4994f8da-0663-4df9-8700-7be7699c54d4)
10:45:00.264 [main] DEBUG co.verisoft.fw.selenium.listeners.WebElementListener - After get text. Element [[FirefoxDriver: firefox on WINDOWS (4994f8da-0663-4df9-8700-7be7699c54d4)] -> xpath: //*[@id='leftmenuinnerinner']/a], text: Java HOME Action time 1678956300264
10:45:00.272 [main] DEBUG co.verisoft.fw.selenium.listeners.WebElementListener - After get text. Element [[FirefoxDriver: firefox on WINDOWS (4994f8da-0663-4df9-8700-7be7699c54d4)] -> xpath: //*[@id='leftmenuinnerinner']/a], text: Java Intro Action time 1678956300272
10:45:00.279 [main] DEBUG co.verisoft.fw.selenium.listeners.WebElementListener - After get text. Element [[FirefoxDriver: firefox on WINDOWS (4994f8da-0663-4df9-8700-7be7699c54d4)] -> xpath: //*[@id='leftmenuinnerinner']/a], text: Java Get Started Action time 1678956300279
10:45:00.285 [main] DEBUG co.verisoft.fw.selenium.listeners.WebElementListener - After get text. Element [[FirefoxDriver: firefox on WINDOWS (4994f8da-0663-4df9-8700-7be7699c54d4)] -> xpath: //*[@id='leftmenuinnerinner']/a], text: Java Syntax Action time 1678956300285
10:45:00.306 [main] DEBUG co.verisoft.fw.selenium.listeners.WebElementListener - After get text. Element [[FirefoxDriver: firefox on WINDOWS (4994f8da-0663-4df9-8700-7be7699c54d4)] -> xpath: //*[@id='leftmenuinnerinner']/a], text: Java Output Action time 1678956300305
10:45:00.313 [main] DEBUG co.verisoft.fw.selenium.listeners.WebElementListener - After get text. Element [[FirefoxDriver: firefox on WINDOWS (4994f8da-0663-4df9-8700-7be7699c54d4)] -> xpath: //*[@id='leftmenuinnerinner']/a], text: Java Comments Action time 1678956300313
10:45:00.316 [main] DEBUG co.verisoft.fw.selenium.listeners.WebElementListener - After get text. Element [[FirefoxDriver: firefox on WINDOWS (4994f8da-0663-4df9-8700-7be7699c54d4)] -> xpath: //*[@id='leftmenuinnerinner']/a], text: Java Variables Action time 1678956300316
10:45:00.319 [main] DEBUG co.verisoft.fw.selenium.listeners.WebElementListener - After get text. Element [[FirefoxDriver: firefox on WINDOWS (4994f8da-0663-4df9-8700-7be7699c54d4)] -> xpath: //*[@id='leftmenuinnerinner']/a], text: Java Data Types Action time 1678956300319
10:45:00.323 [main] DEBUG co.verisoft.fw.selenium.listeners.WebElementListener - After get text. Element [[FirefoxDriver: firefox on WINDOWS (4994f8da-0663-4df9-8700-7be7699c54d4)] -> xpath: //*[@id='leftmenuinnerinner']/a], text: Java Type Casting Action time 1678956300323
10:45:00.326 [main] DEBUG co.verisoft.fw.selenium.listeners.WebElementListener - After get text. Element [[FirefoxDriver: firefox on WINDOWS (4994f8da-0663-4df9-8700-7be7699c54d4)] -> xpath: //*[@id='leftmenuinnerinner']/a], text: Java Operators Action time 1678956300326
10:45:00.329 [main] DEBUG co.verisoft.fw.selenium.listeners.WebElementListener - After get text. Element [[FirefoxDriver: firefox on WINDOWS (4994f8da-0663-4df9-8700-7be7699c54d4)] -> xpath: //*[@id='leftmenuinnerinner']/a], text: Java Strings Action time 1678956300329
10:45:00.332 [main] DEBUG co.verisoft.fw.selenium.listeners.WebElementListener - After get text. Element [[FirefoxDriver: firefox on WINDOWS (4994f8da-0663-4df9-8700-7be7699c54d4)] -> xpath: //*[@id='leftmenuinnerinner']/a], text: Java Math Action time 1678956300332
10:45:00.335 [main] DEBUG co.verisoft.fw.selenium.listeners.WebElementListener - After get text. Element [[FirefoxDriver: firefox on WINDOWS (4994f8da-0663-4df9-8700-7be7699c54d4)] -> xpath: //*[@id='leftmenuinnerinner']/a], text: Java Booleans Action time 1678956300335
10:45:00.338 [main] DEBUG co.verisoft.fw.selenium.listeners.WebElementListener - After get text. Element [[FirefoxDriver: firefox on WINDOWS (4994f8da-0663-4df9-8700-7be7699c54d4)] -> xpath: //*[@id='leftmenuinnerinner']/a], text: Java If...Else Action time 1678956300338
10:45:00.343 [main] DEBUG co.verisoft.fw.selenium.listeners.WebElementListener - After get text. Element [[FirefoxDriver: firefox on WINDOWS (4994f8da-0663-4df9-8700-7be7699c54d4)] -> xpath: //*[@id='leftmenuinnerinner']/a], text: Java Switch Action time 1678956300343
10:45:00.346 [main] DEBUG co.verisoft.fw.selenium.listeners.WebElementListener - After get text. Element [[FirefoxDriver: firefox on WINDOWS (4994f8da-0663-4df9-8700-7be7699c54d4)] -> xpath: //*[@id='leftmenuinnerinner']/a], text: Java While Loop Action time 1678956300346
10:45:00.349 [main] DEBUG co.verisoft.fw.selenium.listeners.WebElementListener - After get text. Element [[FirefoxDriver: firefox on WINDOWS (4994f8da-0663-4df9-8700-7be7699c54d4)] -> xpath: //*[@id='leftmenuinnerinner']/a], text: Java For Loop Action time 1678956300349
10:45:00.352 [main] DEBUG co.verisoft.fw.selenium.listeners.WebElementListener - After get text. Element [[FirefoxDriver: firefox on WINDOWS (4994f8da-0663-4df9-8700-7be7699c54d4)] -> xpath: //*[@id='leftmenuinnerinner']/a], text: Java Break/Continue Action time 1678956300352
10:45:00.356 [main] DEBUG co.verisoft.fw.selenium.listeners.WebElementListener - After get text. Element [[FirefoxDriver: firefox on WINDOWS (4994f8da-0663-4df9-8700-7be7699c54d4)] -> xpath: //*[@id='leftmenuinnerinner']/a], text: Java Arrays Action time 1678956300356
10:45:00.359 [main] DEBUG co.verisoft.fw.selenium.listeners.WebElementListener - After get text. Element [[FirefoxDriver: firefox on WINDOWS (4994f8da-0663-4df9-8700-7be7699c54d4)] -> xpath: //*[@id='leftmenuinnerinner']/a], text: Java Methods Action time 1678956300359
10:45:00.362 [main] DEBUG co.verisoft.fw.selenium.listeners.WebElementListener - After get text. Element [[FirefoxDriver: firefox on WINDOWS (4994f8da-0663-4df9-8700-7be7699c54d4)] -> xpath: //*[@id='leftmenuinnerinner']/a], text: Java Method Parameters Action time 1678956300362
10:45:00.365 [main] DEBUG co.verisoft.fw.selenium.listeners.WebElementListener - After get text. Element [[FirefoxDriver: firefox on WINDOWS (4994f8da-0663-4df9-8700-7be7699c54d4)] -> xpath: //*[@id='leftmenuinnerinner']/a], text: Java Method Overloading Action time 1678956300365
10:45:00.367 [main] DEBUG co.verisoft.fw.selenium.listeners.WebElementListener - After get text. Element [[FirefoxDriver: firefox on WINDOWS (4994f8da-0663-4df9-8700-7be7699c54d4)] -> xpath: //*[@id='leftmenuinnerinner']/a], text: Java Scope Action time 1678956300367
10:45:00.372 [main] DEBUG co.verisoft.fw.selenium.listeners.WebElementListener - After get text. Element [[FirefoxDriver: firefox on WINDOWS (4994f8da-0663-4df9-8700-7be7699c54d4)] -> xpath: //*[@id='leftmenuinnerinner']/a], text: Java Recursion Action time 1678956300372
10:45:00.376 [main] DEBUG co.verisoft.fw.selenium.listeners.WebElementListener - After get text. Element [[FirefoxDriver: firefox on WINDOWS (4994f8da-0663-4df9-8700-7be7699c54d4)] -> xpath: //*[@id='leftmenuinnerinner']/a], text: Java OOP Action time 1678956300376
10:45:00.379 [main] DEBUG co.verisoft.fw.selenium.listeners.WebElementListener - After get text. Element [[FirefoxDriver: firefox on WINDOWS (4994f8da-0663-4df9-8700-7be7699c54d4)] -> xpath: //*[@id='leftmenuinnerinner']/a], text: Java Classes/Objects Action time 1678956300379
10:45:00.382 [main] DEBUG co.verisoft.fw.selenium.listeners.WebElementListener - After get text. Element [[FirefoxDriver: firefox on WINDOWS (4994f8da-0663-4df9-8700-7be7699c54d4)] -> xpath: //*[@id='leftmenuinnerinner']/a], text: Java Class Attributes Action time 1678956300382
10:45:00.384 [main] DEBUG co.verisoft.fw.selenium.listeners.WebElementListener - After get text. Element [[FirefoxDriver: firefox on WINDOWS (4994f8da-0663-4df9-8700-7be7699c54d4)] -> xpath: //*[@id='leftmenuinnerinner']/a], text: Java Class Methods Action time 1678956300384
10:45:00.387 [main] DEBUG co.verisoft.fw.selenium.listeners.WebElementListener - After get text. Element [[FirefoxDriver: firefox on WINDOWS (4994f8da-0663-4df9-8700-7be7699c54d4)] -> xpath: //*[@id='leftmenuinnerinner']/a], text: Java Constructors Action time 1678956300387
10:45:00.389 [main] DEBUG co.verisoft.fw.selenium.listeners.WebElementListener - After get text. Element [[FirefoxDriver: firefox on WINDOWS (4994f8da-0663-4df9-8700-7be7699c54d4)] -> xpath: //*[@id='leftmenuinnerinner']/a], text: Java Modifiers Action time 1678956300389
10:45:00.392 [main] DEBUG co.verisoft.fw.selenium.listeners.WebElementListener - After get text. Element [[FirefoxDriver: firefox on WINDOWS (4994f8da-0663-4df9-8700-7be7699c54d4)] -> xpath: //*[@id='leftmenuinnerinner']/a], text: Java Encapsulation Action time 1678956300392
10:45:00.394 [main] DEBUG co.verisoft.fw.selenium.listeners.WebElementListener - After get text. Element [[FirefoxDriver: firefox on WINDOWS (4994f8da-0663-4df9-8700-7be7699c54d4)] -> xpath: //*[@id='leftmenuinnerinner']/a], text: Java Packages / API Action time 1678956300394
10:45:00.397 [main] DEBUG co.verisoft.fw.selenium.listeners.WebElementListener - After get text. Element [[FirefoxDriver: firefox on WINDOWS (4994f8da-0663-4df9-8700-7be7699c54d4)] -> xpath: //*[@id='leftmenuinnerinner']/a], text: Java Inheritance Action time 1678956300397
10:45:00.400 [main] DEBUG co.verisoft.fw.selenium.listeners.WebElementListener - After get text. Element [[FirefoxDriver: firefox on WINDOWS (4994f8da-0663-4df9-8700-7be7699c54d4)] -> xpath: //*[@id='leftmenuinnerinner']/a], text: Java Polymorphism Action time 1678956300400
10:45:00.403 [main] DEBUG co.verisoft.fw.selenium.listeners.WebElementListener - After get text. Element [[FirefoxDriver: firefox on WINDOWS (4994f8da-0663-4df9-8700-7be7699c54d4)] -> xpath: //*[@id='leftmenuinnerinner']/a], text: Java Inner Classes Action time 1678956300403
10:45:00.406 [main] DEBUG co.verisoft.fw.selenium.listeners.WebElementListener - After get text. Element [[FirefoxDriver: firefox on WINDOWS (4994f8da-0663-4df9-8700-7be7699c54d4)] -> xpath: //*[@id='leftmenuinnerinner']/a], text: Java Abstraction Action time 1678956300406
10:45:00.410 [main] DEBUG co.verisoft.fw.selenium.listeners.WebElementListener - After get text. Element [[FirefoxDriver: firefox on WINDOWS (4994f8da-0663-4df9-8700-7be7699c54d4)] -> xpath: //*[@id='leftmenuinnerinner']/a], text: Java Interface Action time 1678956300410
10:45:00.413 [main] DEBUG co.verisoft.fw.selenium.listeners.WebElementListener - After get text. Element [[FirefoxDriver: firefox on WINDOWS (4994f8da-0663-4df9-8700-7be7699c54d4)] -> xpath: //*[@id='leftmenuinnerinner']/a], text: Java Enums Action time 1678956300413
10:45:00.416 [main] DEBUG co.verisoft.fw.selenium.listeners.WebElementListener - After get text. Element [[FirefoxDriver: firefox on WINDOWS (4994f8da-0663-4df9-8700-7be7699c54d4)] -> xpath: //*[@id='leftmenuinnerinner']/a], text: Java User Input Action time 1678956300416
10:45:00.419 [main] DEBUG co.verisoft.fw.selenium.listeners.WebElementListener - After get text. Element [[FirefoxDriver: firefox on WINDOWS (4994f8da-0663-4df9-8700-7be7699c54d4)] -> xpath: //*[@id='leftmenuinnerinner']/a], text: Java Date Action time 1678956300419
10:45:00.423 [main] DEBUG co.verisoft.fw.selenium.listeners.WebElementListener - After get text. Element [[FirefoxDriver: firefox on WINDOWS (4994f8da-0663-4df9-8700-7be7699c54d4)] -> xpath: //*[@id='leftmenuinnerinner']/a], text: Java ArrayList Action time 1678956300423
10:45:00.426 [main] DEBUG co.verisoft.fw.selenium.listeners.WebElementListener - After get text. Element [[FirefoxDriver: firefox on WINDOWS (4994f8da-0663-4df9-8700-7be7699c54d4)] -> xpath: //*[@id='leftmenuinnerinner']/a], text: Java LinkedList Action time 1678956300426
10:45:00.429 [main] DEBUG co.verisoft.fw.selenium.listeners.WebElementListener - After get text. Element [[FirefoxDriver: firefox on WINDOWS (4994f8da-0663-4df9-8700-7be7699c54d4)] -> xpath: //*[@id='leftmenuinnerinner']/a], text: Java HashMap Action time 1678956300429
10:45:00.436 [main] DEBUG co.verisoft.fw.selenium.listeners.WebElementListener - After get text. Element [[FirefoxDriver: firefox on WINDOWS (4994f8da-0663-4df9-8700-7be7699c54d4)] -> xpath: //*[@id='leftmenuinnerinner']/a], text: Java HashSet Action time 1678956300436
10:45:00.439 [main] DEBUG co.verisoft.fw.selenium.listeners.WebElementListener - After get text. Element [[FirefoxDriver: firefox on WINDOWS (4994f8da-0663-4df9-8700-7be7699c54d4)] -> xpath: //*[@id='leftmenuinnerinner']/a], text: Java Iterator Action time 1678956300439
10:45:00.443 [main] DEBUG co.verisoft.fw.selenium.listeners.WebElementListener - After get text. Element [[FirefoxDriver: firefox on WINDOWS (4994f8da-0663-4df9-8700-7be7699c54d4)] -> xpath: //*[@id='leftmenuinnerinner']/a], text: Java Wrapper Classes Action time 1678956300443
10:45:00.446 [main] DEBUG co.verisoft.fw.selenium.listeners.WebElementListener - After get text. Element [[FirefoxDriver: firefox on WINDOWS (4994f8da-0663-4df9-8700-7be7699c54d4)] -> xpath: //*[@id='leftmenuinnerinner']/a], text: Java Exceptions Action time 1678956300446
10:45:00.449 [main] DEBUG co.verisoft.fw.selenium.listeners.WebElementListener - After get text. Element [[FirefoxDriver: firefox on WINDOWS (4994f8da-0663-4df9-8700-7be7699c54d4)] -> xpath: //*[@id='leftmenuinnerinner']/a], text: Java RegEx Action time 1678956300449
10:45:00.453 [main] DEBUG co.verisoft.fw.selenium.listeners.WebElementListener - After get text. Element [[FirefoxDriver: firefox on WINDOWS (4994f8da-0663-4df9-8700-7be7699c54d4)] -> xpath: //*[@id='leftmenuinnerinner']/a], text: Java Threads Action time 1678956300453
10:45:00.456 [main] DEBUG co.verisoft.fw.selenium.listeners.WebElementListener - After get text. Element [[FirefoxDriver: firefox on WINDOWS (4994f8da-0663-4df9-8700-7be7699c54d4)] -> xpath: //*[@id='leftmenuinnerinner']/a], text: Java Lambda Action time 1678956300456
10:45:00.459 [main] DEBUG co.verisoft.fw.selenium.listeners.WebElementListener - After get text. Element [[FirefoxDriver: firefox on WINDOWS (4994f8da-0663-4df9-8700-7be7699c54d4)] -> xpath: //*[@id='leftmenuinnerinner']/a], text: Java Files Action time 1678956300459
10:45:00.462 [main] DEBUG co.verisoft.fw.selenium.listeners.WebElementListener - After get text. Element [[FirefoxDriver: firefox on WINDOWS (4994f8da-0663-4df9-8700-7be7699c54d4)] -> xpath: //*[@id='leftmenuinnerinner']/a], text: Java Create/Write Files Action time 1678956300462
10:45:00.464 [main] DEBUG co.verisoft.fw.selenium.listeners.WebElementListener - After get text. Element [[FirefoxDriver: firefox on WINDOWS (4994f8da-0663-4df9-8700-7be7699c54d4)] -> xpath: //*[@id='leftmenuinnerinner']/a], text: Java Read Files Action time 1678956300464
10:45:00.467 [main] DEBUG co.verisoft.fw.selenium.listeners.WebElementListener - After get text. Element [[FirefoxDriver: firefox on WINDOWS (4994f8da-0663-4df9-8700-7be7699c54d4)] -> xpath: //*[@id='leftmenuinnerinner']/a], text: Java Delete Files Action time 1678956300466
10:45:00.471 [main] DEBUG co.verisoft.fw.selenium.listeners.WebElementListener - After get text. Element [[FirefoxDriver: firefox on WINDOWS (4994f8da-0663-4df9-8700-7be7699c54d4)] -> xpath: //*[@id='leftmenuinnerinner']/a], text: Add Two Numbers Action time 1678956300471
10:45:00.474 [main] DEBUG co.verisoft.fw.selenium.listeners.WebElementListener - After get text. Element [[FirefoxDriver: firefox on WINDOWS (4994f8da-0663-4df9-8700-7be7699c54d4)] -> xpath: //*[@id='leftmenuinnerinner']/a], text: Count Words Action time 1678956300474
10:45:00.476 [main] DEBUG co.verisoft.fw.selenium.listeners.WebElementListener - After get text. Element [[FirefoxDriver: firefox on WINDOWS (4994f8da-0663-4df9-8700-7be7699c54d4)] -> xpath: //*[@id='leftmenuinnerinner']/a], text: Reverse a String Action time 1678956300476
10:45:00.479 [main] DEBUG co.verisoft.fw.selenium.listeners.WebElementListener - After get text. Element [[FirefoxDriver: firefox on WINDOWS (4994f8da-0663-4df9-8700-7be7699c54d4)] -> xpath: //*[@id='leftmenuinnerinner']/a], text: Java Keywords Action time 1678956300479
10:45:00.481 [main] DEBUG co.verisoft.fw.selenium.listeners.WebElementListener - After get text. Element [[FirefoxDriver: firefox on WINDOWS (4994f8da-0663-4df9-8700-7be7699c54d4)] -> xpath: //*[@id='leftmenuinnerinner']/a], text: Java String Methods Action time 1678956300481
10:45:00.483 [main] DEBUG co.verisoft.fw.selenium.listeners.WebElementListener - After get text. Element [[FirefoxDriver: firefox on WINDOWS (4994f8da-0663-4df9-8700-7be7699c54d4)] -> xpath: //*[@id='leftmenuinnerinner']/a], text: Java Math Methods Action time 1678956300483
10:45:00.486 [main] DEBUG co.verisoft.fw.selenium.listeners.WebElementListener - After get text. Element [[FirefoxDriver: firefox on WINDOWS (4994f8da-0663-4df9-8700-7be7699c54d4)] -> xpath: //*[@id='leftmenuinnerinner']/a], text: Java Examples Action time 1678956300486
10:45:00.489 [main] DEBUG co.verisoft.fw.selenium.listeners.WebElementListener - After get text. Element [[FirefoxDriver: firefox on WINDOWS (4994f8da-0663-4df9-8700-7be7699c54d4)] -> xpath: //*[@id='leftmenuinnerinner']/a], text: Java Compiler Action time 1678956300488
10:45:00.491 [main] DEBUG co.verisoft.fw.selenium.listeners.WebElementListener - After get text. Element [[FirefoxDriver: firefox on WINDOWS (4994f8da-0663-4df9-8700-7be7699c54d4)] -> xpath: //*[@id='leftmenuinnerinner']/a], text: Java Exercises Action time 1678956300491
10:45:00.494 [main] DEBUG co.verisoft.fw.selenium.listeners.WebElementListener - After get text. Element [[FirefoxDriver: firefox on WINDOWS (4994f8da-0663-4df9-8700-7be7699c54d4)] -> xpath: //*[@id='leftmenuinnerinner']/a], text: Java Quiz Action time 1678956300494
10:45:00.509 [main] DEBUG co.verisoft.fw.selenium.listeners.WebElementListener - After get text. Element [[FirefoxDriver: firefox on WINDOWS (4994f8da-0663-4df9-8700-7be7699c54d4)] -> xpath: //*[@id='leftmenuinnerinner']/a], text: Java Certificate Action time 1678956300509
10:45:00.509 [main] INFO  co.verisoft.fw.extentreport.DelegateExtentTest - Report Log - Pass. Details: the menu is display
10:45:00.512 [main] DEBUG co.verisoft.fw.selenium.drivers.VerisoftDriver - Driver activity log: Going to find multiple elements using locator -> By.xpath: //*[@id='leftmenuinnerinner']/div[1]/a
10:45:00.527 [main] DEBUG co.verisoft.fw.selenium.listeners.DriverListener - After find Elements. Found 2 Elements  using locatorBy.xpath: //*[@id='leftmenuinnerinner']/div[1]/a Action time 1678956300527 Elements list: [Decorated {[[FirefoxDriver: firefox on WINDOWS (4994f8da-0663-4df9-8700-7be7699c54d4)] -> xpath: //*[@id='leftmenuinnerinner']/div[1]/a]}, Decorated {[[FirefoxDriver: firefox on WINDOWS (4994f8da-0663-4df9-8700-7be7699c54d4)] -> xpath: //*[@id='leftmenuinnerinner']/div[1]/a]}] With driver FirefoxDriver: firefox on WINDOWS (4994f8da-0663-4df9-8700-7be7699c54d4)
10:45:00.538 [main] DEBUG co.verisoft.fw.selenium.listeners.WebElementListener - After get attribute. Element [[FirefoxDriver: firefox on WINDOWS (4994f8da-0663-4df9-8700-7be7699c54d4)] -> xpath: //*[@id='leftmenuinnerinner']/div[1]/a], attribute: Print Text Action time 1678956300538
10:45:00.548 [main] DEBUG co.verisoft.fw.selenium.listeners.WebElementListener - After get attribute. Element [[FirefoxDriver: firefox on WINDOWS (4994f8da-0663-4df9-8700-7be7699c54d4)] -> xpath: //*[@id='leftmenuinnerinner']/div[1]/a], attribute: Print Numbers Action time 1678956300548
10:45:00.548 [main] INFO  co.verisoft.fw.extentreport.DelegateExtentTest - Report Log - Pass. Details: the menu is display
10:45:00.549 [main] DEBUG co.verisoft.fw.selenium.drivers.VerisoftDriver - Driver activity log: Going to find multiple elements using locator -> By.xpath: //*[@id='leftmenuinnerinner']/div[2]/a
10:45:00.562 [main] DEBUG co.verisoft.fw.selenium.listeners.DriverListener - After find Elements. Found 4 Elements  using locatorBy.xpath: //*[@id='leftmenuinnerinner']/div[2]/a Action time 1678956300562 Elements list: [Decorated {[[FirefoxDriver: firefox on WINDOWS (4994f8da-0663-4df9-8700-7be7699c54d4)] -> xpath: //*[@id='leftmenuinnerinner']/div[2]/a]}, Decorated {[[FirefoxDriver: firefox on WINDOWS (4994f8da-0663-4df9-8700-7be7699c54d4)] -> xpath: //*[@id='leftmenuinnerinner']/div[2]/a]}, Decorated {[[FirefoxDriver: firefox on WINDOWS (4994f8da-0663-4df9-8700-7be7699c54d4)] -> xpath: //*[@id='leftmenuinnerinner']/div[2]/a]}, Decorated {[[FirefoxDriver: firefox on WINDOWS (4994f8da-0663-4df9-8700-7be7699c54d4)] -> xpath: //*[@id='leftmenuinnerinner']/div[2]/a]}] With driver FirefoxDriver: firefox on WINDOWS (4994f8da-0663-4df9-8700-7be7699c54d4)
10:45:00.570 [main] DEBUG co.verisoft.fw.selenium.listeners.WebElementListener - After get attribute. Element [[FirefoxDriver: firefox on WINDOWS (4994f8da-0663-4df9-8700-7be7699c54d4)] -> xpath: //*[@id='leftmenuinnerinner']/div[2]/a], attribute: Variables Action time 1678956300570
10:45:00.580 [main] DEBUG co.verisoft.fw.selenium.listeners.WebElementListener - After get attribute. Element [[FirefoxDriver: firefox on WINDOWS (4994f8da-0663-4df9-8700-7be7699c54d4)] -> xpath: //*[@id='leftmenuinnerinner']/div[2]/a], attribute: Print Variables Action time 1678956300580
10:45:00.589 [main] DEBUG co.verisoft.fw.selenium.listeners.WebElementListener - After get attribute. Element [[FirefoxDriver: firefox on WINDOWS (4994f8da-0663-4df9-8700-7be7699c54d4)] -> xpath: //*[@id='leftmenuinnerinner']/div[2]/a], attribute: Declare Multiple Variables Action time 1678956300589
10:45:00.597 [main] DEBUG co.verisoft.fw.selenium.listeners.WebElementListener - After get attribute. Element [[FirefoxDriver: firefox on WINDOWS (4994f8da-0663-4df9-8700-7be7699c54d4)] -> xpath: //*[@id='leftmenuinnerinner']/div[2]/a], attribute: Identifiers Action time 1678956300597
10:45:00.597 [main] INFO  co.verisoft.fw.extentreport.DelegateExtentTest - Report Log - Pass. Details: the menu is display
10:45:00.598 [main] DEBUG co.verisoft.fw.selenium.drivers.VerisoftDriverManager - Get driver by Thread ID (Key)1
10:45:01.140 [main] INFO  co.verisoft.fw.extentreport.DelegateExtentTest - Report Log - Get Status. Status: Pass
10:45:01.140 [main] DEBUG co.verisoft.fw.store.StoreImp - Retrieved {} from store using key screenshots
10:45:01.140 [main] INFO  co.verisoft.fw.extentreport.DelegateExtentTest - Report Log - Pass. Details: Test Result - PASS
10:45:01.141 [main] DEBUG co.verisoft.fw.store.StoreImp - Insert into store KEY: testId	VALUE: bc397b72-54d3-4c24-886b-0949240ca2c4
10:45:01.141 [main] DEBUG co.verisoft.fw.extentreport.DelegateExtentReports - Creates new Test. Name: testF5
10:45:01.141 [main] DEBUG co.verisoft.fw.extentreport.DelegateExtentReports - Creates new Test. Name: testF5, description: null
10:45:01.141 [main] INFO  co.verisoft.fw.extentreport.DelegateExtentTest - Report Log - Log. Status: Info, detils: Test Name: testF5 (Report source: OTHER)
10:45:01.141 [main] INFO  co.verisoft.fw.extentreport.DelegateExtentTest - Report Log - Log. Status: Info, detils: KEY: testId  VALUE: bc397b72-54d3-4c24-886b-0949240ca2c4 (Report source: OTHER)
10:45:02.509 [main] DEBUG co.verisoft.fw.selenium.drivers.VerisoftDriverManager - Register driver FirefoxDriver: firefox on WINDOWS (c643d3dd-4c8d-4d53-9953-26138d4a5cca) by Thread ID 1
10:45:02.510 [main] DEBUG co.verisoft.fw.selenium.drivers.VerisoftDriver - Driver activity log: get URL -> https://www.w3schools.com/java/default.asp
10:45:04.735 [main] DEBUG co.verisoft.fw.selenium.listeners.DriverListener - After Get Operation  URL https://www.w3schools.com/java/default.asp driver FirefoxDriver: firefox on WINDOWS (c643d3dd-4c8d-4d53-9953-26138d4a5cca) Action time: 1678956304735
10:45:04.736 [main] DEBUG co.verisoft.fw.selenium.drivers.VerisoftDriver - Driver activity log: Going to find a single element using locator-> By.xpath: //*[@id='main']/h1
10:45:04.749 [main] DEBUG co.verisoft.fw.selenium.listeners.DriverListener - After find Element. Driver FirefoxDriver: firefox on WINDOWS (c643d3dd-4c8d-4d53-9953-26138d4a5cca) Locator By.xpath: //*[@id='main']/h1, result Element: Decorated {[[FirefoxDriver: firefox on WINDOWS (c643d3dd-4c8d-4d53-9953-26138d4a5cca)] -> xpath: //*[@id='main']/h1]} Action time 1678956304749
10:45:04.764 [main] DEBUG co.verisoft.fw.selenium.listeners.WebElementListener - After is displayed. Element [[FirefoxDriver: firefox on WINDOWS (c643d3dd-4c8d-4d53-9953-26138d4a5cca)] -> xpath: //*[@id='main']/h1], isDisplayed?: true Action time 1678956304764
10:45:04.765 [main] DEBUG co.verisoft.fw.selenium.drivers.VerisoftDriver - Driver activity log: Going to find a single element using locator-> By.xpath: //*[@id='main']/h1
10:45:04.775 [main] DEBUG co.verisoft.fw.selenium.listeners.DriverListener - After find Element. Driver FirefoxDriver: firefox on WINDOWS (c643d3dd-4c8d-4d53-9953-26138d4a5cca) Locator By.xpath: //*[@id='main']/h1, result Element: Decorated {[[FirefoxDriver: firefox on WINDOWS (c643d3dd-4c8d-4d53-9953-26138d4a5cca)] -> xpath: //*[@id='main']/h1]} Action time 1678956304775
10:45:04.775 [main] INFO  co.verisoft.fw.pages.BasePage - elements [Decorated {[[FirefoxDriver: firefox on WINDOWS (c643d3dd-4c8d-4d53-9953-26138d4a5cca)] -> xpath: //*[@id='main']/h1]}]was present on page
10:45:04.775 [main] INFO  co.verisoft.fw.extentreport.DelegateExtentTest - Report Log - Pass. Details: is on java tutorial
10:45:04.776 [main] DEBUG co.verisoft.fw.selenium.drivers.VerisoftDriverManager - Get driver by Thread ID (Key)1
10:45:05.370 [main] INFO  co.verisoft.fw.extentreport.DelegateExtentTest - Report Log - Get Status. Status: Pass
10:45:05.370 [main] DEBUG co.verisoft.fw.store.StoreImp - Retrieved {} from store using key screenshots
10:45:05.370 [main] INFO  co.verisoft.fw.extentreport.DelegateExtentTest - Report Log - Pass. Details: Test Result - PASS
10:45:05.371 [main] DEBUG co.verisoft.fw.store.StoreImp - Insert into store KEY: testId	VALUE: a432c374-e0c2-41d0-bd44-6791ea4856c9
10:45:05.371 [main] DEBUG co.verisoft.fw.extentreport.DelegateExtentReports - Creates new Test. Name: testF6
10:45:05.371 [main] DEBUG co.verisoft.fw.extentreport.DelegateExtentReports - Creates new Test. Name: testF6, description: null
10:45:05.372 [main] INFO  co.verisoft.fw.extentreport.DelegateExtentTest - Report Log - Log. Status: Info, detils: Test Name: testF6 (Report source: OTHER)
10:45:05.372 [main] INFO  co.verisoft.fw.extentreport.DelegateExtentTest - Report Log - Log. Status: Info, detils: KEY: testId  VALUE: a432c374-e0c2-41d0-bd44-6791ea4856c9 (Report source: OTHER)
10:45:06.831 [main] DEBUG co.verisoft.fw.selenium.drivers.VerisoftDriverManager - Register driver FirefoxDriver: firefox on WINDOWS (79c27465-332b-4549-81d4-88532f603a2f) by Thread ID 1
10:45:06.832 [main] DEBUG co.verisoft.fw.selenium.drivers.VerisoftDriver - Driver activity log: get URL -> https://www.w3schools.com/java/default.asp
10:45:09.213 [main] DEBUG co.verisoft.fw.selenium.listeners.DriverListener - After Get Operation  URL https://www.w3schools.com/java/default.asp driver FirefoxDriver: firefox on WINDOWS (79c27465-332b-4549-81d4-88532f603a2f) Action time: 1678956309213
10:45:09.215 [main] DEBUG co.verisoft.fw.selenium.drivers.VerisoftDriver - Driver activity log: Going to find multiple elements using locator -> By.linkText: Next 
10:45:09.359 [main] DEBUG co.verisoft.fw.selenium.listeners.DriverListener - After find Elements. Found 2 Elements  using locatorBy.linkText: Next  Action time 1678956309359 Elements list: [Decorated {[[FirefoxDriver: firefox on WINDOWS (79c27465-332b-4549-81d4-88532f603a2f)] -> link text: Next ]}, Decorated {[[FirefoxDriver: firefox on WINDOWS (79c27465-332b-4549-81d4-88532f603a2f)] -> link text: Next ]}] With driver FirefoxDriver: firefox on WINDOWS (79c27465-332b-4549-81d4-88532f603a2f)
10:45:10.478 [main] DEBUG co.verisoft.fw.selenium.listeners.WebElementListener - Clicked on element [[FirefoxDriver: firefox on WINDOWS (79c27465-332b-4549-81d4-88532f603a2f)] -> link text: Next ] Action time: 1678956310478
10:45:10.478 [main] DEBUG co.verisoft.fw.selenium.drivers.VerisoftDriver - Driver activity log: Going to find a single element using locator-> By.xpath: //*[@id='main']/h1
10:45:10.486 [main] DEBUG co.verisoft.fw.selenium.listeners.DriverListener - After find Element. Driver FirefoxDriver: firefox on WINDOWS (79c27465-332b-4549-81d4-88532f603a2f) Locator By.xpath: //*[@id='main']/h1, result Element: Decorated {[[FirefoxDriver: firefox on WINDOWS (79c27465-332b-4549-81d4-88532f603a2f)] -> xpath: //*[@id='main']/h1]} Action time 1678956310486
10:45:10.500 [main] DEBUG co.verisoft.fw.selenium.listeners.WebElementListener - After is displayed. Element [[FirefoxDriver: firefox on WINDOWS (79c27465-332b-4549-81d4-88532f603a2f)] -> xpath: //*[@id='main']/h1], isDisplayed?: true Action time 1678956310500
10:45:10.500 [main] DEBUG co.verisoft.fw.selenium.drivers.VerisoftDriver - Driver activity log: Going to find a single element using locator-> By.xpath: //*[@id='main']/h1
10:45:10.510 [main] DEBUG co.verisoft.fw.selenium.listeners.DriverListener - After find Element. Driver FirefoxDriver: firefox on WINDOWS (79c27465-332b-4549-81d4-88532f603a2f) Locator By.xpath: //*[@id='main']/h1, result Element: Decorated {[[FirefoxDriver: firefox on WINDOWS (79c27465-332b-4549-81d4-88532f603a2f)] -> xpath: //*[@id='main']/h1]} Action time 1678956310510
10:45:10.510 [main] INFO  co.verisoft.fw.pages.BasePage - elements [Decorated {[[FirefoxDriver: firefox on WINDOWS (79c27465-332b-4549-81d4-88532f603a2f)] -> xpath: //*[@id='main']/h1]}]was present on page
10:45:10.510 [main] INFO  co.verisoft.fw.extentreport.DelegateExtentTest - Report Log - Pass. Details: is on java Introduction
10:45:10.510 [main] DEBUG co.verisoft.fw.selenium.drivers.VerisoftDriverManager - Get driver by Thread ID (Key)1
10:45:11.084 [main] INFO  co.verisoft.fw.extentreport.DelegateExtentTest - Report Log - Get Status. Status: Pass
10:45:11.085 [main] DEBUG co.verisoft.fw.store.StoreImp - Retrieved {} from store using key screenshots
10:45:11.085 [main] INFO  co.verisoft.fw.extentreport.DelegateExtentTest - Report Log - Pass. Details: Test Result - PASS
10:45:11.087 [main] DEBUG co.verisoft.fw.store.StoreImp - Insert into store KEY: testId	VALUE: ad60bb30-4928-41c4-a3b9-bba3493495a0
10:45:11.088 [main] DEBUG co.verisoft.fw.extentreport.DelegateExtentReports - Creates new Test. Name: testF7
10:45:11.088 [main] DEBUG co.verisoft.fw.extentreport.DelegateExtentReports - Creates new Test. Name: testF7, description: null
10:45:11.088 [main] INFO  co.verisoft.fw.extentreport.DelegateExtentTest - Report Log - Log. Status: Info, detils: Test Name: testF7 (Report source: OTHER)
10:45:11.089 [main] INFO  co.verisoft.fw.extentreport.DelegateExtentTest - Report Log - Log. Status: Info, detils: KEY: testId  VALUE: ad60bb30-4928-41c4-a3b9-bba3493495a0 (Report source: OTHER)
10:45:12.836 [main] DEBUG co.verisoft.fw.selenium.drivers.VerisoftDriverManager - Register driver FirefoxDriver: firefox on WINDOWS (238725ed-d886-4230-9b86-b47f7d701d0d) by Thread ID 1
10:45:12.837 [main] DEBUG co.verisoft.fw.selenium.drivers.VerisoftDriver - Driver activity log: get URL -> https://www.w3schools.com/java/java_intro.asp
10:45:14.894 [main] DEBUG co.verisoft.fw.selenium.listeners.DriverListener - After Get Operation  URL https://www.w3schools.com/java/java_intro.asp driver FirefoxDriver: firefox on WINDOWS (238725ed-d886-4230-9b86-b47f7d701d0d) Action time: 1678956314894
10:45:14.895 [main] DEBUG co.verisoft.fw.selenium.drivers.VerisoftDriver - Driver activity log: Going to find multiple elements using locator -> By.xpath: //*[@id='main']/div[2]/a[1]
10:45:14.907 [main] DEBUG co.verisoft.fw.selenium.listeners.DriverListener - After find Elements. Found 1 Elements  using locatorBy.xpath: //*[@id='main']/div[2]/a[1] Action time 1678956314907 Elements list: [Decorated {[[FirefoxDriver: firefox on WINDOWS (238725ed-d886-4230-9b86-b47f7d701d0d)] -> xpath: //*[@id='main']/div[2]/a[1]]}] With driver FirefoxDriver: firefox on WINDOWS (238725ed-d886-4230-9b86-b47f7d701d0d)
10:45:14.907 [main] DEBUG co.verisoft.fw.selenium.drivers.VerisoftDriver - Driver activity log: Going to find multiple elements using locator -> By.xpath: //*[@id='main']/div[2]/a[1]
10:45:14.913 [main] DEBUG co.verisoft.fw.selenium.listeners.DriverListener - After find Elements. Found 1 Elements  using locatorBy.xpath: //*[@id='main']/div[2]/a[1] Action time 1678956314913 Elements list: [Decorated {[[FirefoxDriver: firefox on WINDOWS (238725ed-d886-4230-9b86-b47f7d701d0d)] -> xpath: //*[@id='main']/div[2]/a[1]]}] With driver FirefoxDriver: firefox on WINDOWS (238725ed-d886-4230-9b86-b47f7d701d0d)
10:45:15.943 [main] DEBUG co.verisoft.fw.selenium.listeners.WebElementListener - Clicked on element [[FirefoxDriver: firefox on WINDOWS (238725ed-d886-4230-9b86-b47f7d701d0d)] -> xpath: //*[@id='main']/div[2]/a[1]] Action time: 1678956315942
10:45:15.943 [main] DEBUG co.verisoft.fw.selenium.drivers.VerisoftDriver - Driver activity log: Going to find a single element using locator-> By.xpath: //*[@id='main']/h1
10:45:15.949 [main] DEBUG co.verisoft.fw.selenium.listeners.DriverListener - After find Element. Driver FirefoxDriver: firefox on WINDOWS (238725ed-d886-4230-9b86-b47f7d701d0d) Locator By.xpath: //*[@id='main']/h1, result Element: Decorated {[[FirefoxDriver: firefox on WINDOWS (238725ed-d886-4230-9b86-b47f7d701d0d)] -> xpath: //*[@id='main']/h1]} Action time 1678956315949
10:45:15.960 [main] DEBUG co.verisoft.fw.selenium.listeners.WebElementListener - After is displayed. Element [[FirefoxDriver: firefox on WINDOWS (238725ed-d886-4230-9b86-b47f7d701d0d)] -> xpath: //*[@id='main']/h1], isDisplayed?: true Action time 1678956315960
10:45:15.960 [main] DEBUG co.verisoft.fw.selenium.drivers.VerisoftDriver - Driver activity log: Going to find a single element using locator-> By.xpath: //*[@id='main']/h1
10:45:15.966 [main] DEBUG co.verisoft.fw.selenium.listeners.DriverListener - After find Element. Driver FirefoxDriver: firefox on WINDOWS (238725ed-d886-4230-9b86-b47f7d701d0d) Locator By.xpath: //*[@id='main']/h1, result Element: Decorated {[[FirefoxDriver: firefox on WINDOWS (238725ed-d886-4230-9b86-b47f7d701d0d)] -> xpath: //*[@id='main']/h1]} Action time 1678956315966
10:45:15.966 [main] INFO  co.verisoft.fw.pages.BasePage - elements [Decorated {[[FirefoxDriver: firefox on WINDOWS (238725ed-d886-4230-9b86-b47f7d701d0d)] -> xpath: //*[@id='main']/h1]}]was present on page
10:45:15.966 [main] INFO  co.verisoft.fw.extentreport.DelegateExtentTest - Report Log - Pass. Details: is on java tutorial
10:45:15.966 [main] DEBUG co.verisoft.fw.selenium.drivers.VerisoftDriverManager - Get driver by Thread ID (Key)1
10:45:16.511 [main] INFO  co.verisoft.fw.extentreport.DelegateExtentTest - Report Log - Get Status. Status: Pass
10:45:16.512 [main] DEBUG co.verisoft.fw.store.StoreImp - Retrieved {} from store using key screenshots
10:45:16.512 [main] INFO  co.verisoft.fw.extentreport.DelegateExtentTest - Report Log - Pass. Details: Test Result - PASS
10:45:16.514 [main] DEBUG co.verisoft.fw.store.StoreImp - Insert into store KEY: testId	VALUE: ace16a95-a722-439e-a6ec-743afa8df4c5
10:45:16.514 [main] DEBUG co.verisoft.fw.extentreport.DelegateExtentReports - Creates new Test. Name: testF8
10:45:16.514 [main] DEBUG co.verisoft.fw.extentreport.DelegateExtentReports - Creates new Test. Name: testF8, description: null
10:45:16.514 [main] INFO  co.verisoft.fw.extentreport.DelegateExtentTest - Report Log - Log. Status: Info, detils: Test Name: testF8 (Report source: OTHER)
10:45:16.514 [main] INFO  co.verisoft.fw.extentreport.DelegateExtentTest - Report Log - Log. Status: Info, detils: KEY: testId  VALUE: ace16a95-a722-439e-a6ec-743afa8df4c5 (Report source: OTHER)
10:45:18.214 [main] DEBUG co.verisoft.fw.selenium.drivers.VerisoftDriverManager - Register driver FirefoxDriver: firefox on WINDOWS (3b81afb2-c508-43b4-83d1-a1e4c74d42d7) by Thread ID 1
10:45:18.215 [main] DEBUG co.verisoft.fw.selenium.drivers.VerisoftDriver - Driver activity log: get URL -> https://www.w3schools.com/java/default.asp
10:45:20.716 [main] DEBUG co.verisoft.fw.selenium.listeners.DriverListener - After Get Operation  URL https://www.w3schools.com/java/default.asp driver FirefoxDriver: firefox on WINDOWS (3b81afb2-c508-43b4-83d1-a1e4c74d42d7) Action time: 1678956320716
10:45:20.718 [main] DEBUG co.verisoft.fw.selenium.drivers.VerisoftDriver - Driver activity log: Going to find multiple elements using locator -> By.linkText: HTML
10:45:20.869 [main] DEBUG co.verisoft.fw.selenium.listeners.DriverListener - After find Elements. Found 1 Elements  using locatorBy.linkText: HTML Action time 1678956320869 Elements list: [Decorated {[[FirefoxDriver: firefox on WINDOWS (3b81afb2-c508-43b4-83d1-a1e4c74d42d7)] -> link text: HTML]}] With driver FirefoxDriver: firefox on WINDOWS (3b81afb2-c508-43b4-83d1-a1e4c74d42d7)
10:45:21.091 [main] DEBUG co.verisoft.fw.selenium.listeners.WebElementListener - Clicked on element [[FirefoxDriver: firefox on WINDOWS (3b81afb2-c508-43b4-83d1-a1e4c74d42d7)] -> link text: HTML] Action time: 1678956321091
10:45:21.092 [main] DEBUG co.verisoft.fw.selenium.drivers.VerisoftDriver - Driver activity log: Going to find a single element using locator-> By.xpath: //*[@id='main']/h1
10:45:21.103 [main] DEBUG co.verisoft.fw.selenium.listeners.DriverListener - After find Element. Driver FirefoxDriver: firefox on WINDOWS (3b81afb2-c508-43b4-83d1-a1e4c74d42d7) Locator By.xpath: //*[@id='main']/h1, result Element: Decorated {[[FirefoxDriver: firefox on WINDOWS (3b81afb2-c508-43b4-83d1-a1e4c74d42d7)] -> xpath: //*[@id='main']/h1]} Action time 1678956321103
10:45:21.116 [main] DEBUG co.verisoft.fw.selenium.listeners.WebElementListener - After is displayed. Element [[FirefoxDriver: firefox on WINDOWS (3b81afb2-c508-43b4-83d1-a1e4c74d42d7)] -> xpath: //*[@id='main']/h1], isDisplayed?: true Action time 1678956321116
10:45:21.116 [main] DEBUG co.verisoft.fw.selenium.drivers.VerisoftDriver - Driver activity log: Going to find a single element using locator-> By.xpath: //*[@id='main']/h1
10:45:21.122 [main] DEBUG co.verisoft.fw.selenium.listeners.DriverListener - After find Element. Driver FirefoxDriver: firefox on WINDOWS (3b81afb2-c508-43b4-83d1-a1e4c74d42d7) Locator By.xpath: //*[@id='main']/h1, result Element: Decorated {[[FirefoxDriver: firefox on WINDOWS (3b81afb2-c508-43b4-83d1-a1e4c74d42d7)] -> xpath: //*[@id='main']/h1]} Action time 1678956321122
10:45:21.122 [main] INFO  co.verisoft.fw.pages.BasePage - elements [Decorated {[[FirefoxDriver: firefox on WINDOWS (3b81afb2-c508-43b4-83d1-a1e4c74d42d7)] -> xpath: //*[@id='main']/h1]}]was present on page
10:45:21.122 [main] DEBUG co.verisoft.fw.selenium.drivers.VerisoftDriver - Driver activity log: Going to find a single element using locator-> By.xpath: //*[@id='main']/h1
10:45:21.129 [main] DEBUG co.verisoft.fw.selenium.listeners.DriverListener - After find Element. Driver FirefoxDriver: firefox on WINDOWS (3b81afb2-c508-43b4-83d1-a1e4c74d42d7) Locator By.xpath: //*[@id='main']/h1, result Element: Decorated {[[FirefoxDriver: firefox on WINDOWS (3b81afb2-c508-43b4-83d1-a1e4c74d42d7)] -> xpath: //*[@id='main']/h1]} Action time 1678956321129
10:45:21.141 [main] DEBUG co.verisoft.fw.selenium.listeners.WebElementListener - After is displayed. Element [[FirefoxDriver: firefox on WINDOWS (3b81afb2-c508-43b4-83d1-a1e4c74d42d7)] -> xpath: //*[@id='main']/h1], isDisplayed?: true Action time 1678956321141
10:45:21.141 [main] DEBUG co.verisoft.fw.selenium.drivers.VerisoftDriver - Driver activity log: Going to find a single element using locator-> By.xpath: //*[@id='main']/h1
10:45:21.148 [main] DEBUG co.verisoft.fw.selenium.listeners.DriverListener - After find Element. Driver FirefoxDriver: firefox on WINDOWS (3b81afb2-c508-43b4-83d1-a1e4c74d42d7) Locator By.xpath: //*[@id='main']/h1, result Element: Decorated {[[FirefoxDriver: firefox on WINDOWS (3b81afb2-c508-43b4-83d1-a1e4c74d42d7)] -> xpath: //*[@id='main']/h1]} Action time 1678956321148
10:45:21.148 [main] INFO  co.verisoft.fw.pages.BasePage - elements [Decorated {[[FirefoxDriver: firefox on WINDOWS (3b81afb2-c508-43b4-83d1-a1e4c74d42d7)] -> xpath: //*[@id='main']/h1]}]was present on page
10:45:21.148 [main] INFO  co.verisoft.fw.extentreport.DelegateExtentTest - Report Log - Pass. Details: is on java tutorial
10:45:24.152 [main] DEBUG co.verisoft.fw.selenium.drivers.VerisoftDriverManager - Get driver by Thread ID (Key)1
10:45:24.685 [main] INFO  co.verisoft.fw.extentreport.DelegateExtentTest - Report Log - Get Status. Status: Pass
10:45:24.685 [main] DEBUG co.verisoft.fw.store.StoreImp - Retrieved {} from store using key screenshots
10:45:24.685 [main] INFO  co.verisoft.fw.extentreport.DelegateExtentTest - Report Log - Pass. Details: Test Result - PASS
10:45:24.686 [main] DEBUG co.verisoft.fw.store.StoreImp - Insert into store KEY: testId	VALUE: a8fe2b62-bd00-40c8-8686-7f593f1fe453
10:45:24.686 [main] DEBUG co.verisoft.fw.extentreport.DelegateExtentReports - Creates new Test. Name: testF9
10:45:24.686 [main] DEBUG co.verisoft.fw.extentreport.DelegateExtentReports - Creates new Test. Name: testF9, description: null
10:45:24.686 [main] INFO  co.verisoft.fw.extentreport.DelegateExtentTest - Report Log - Log. Status: Info, detils: Test Name: testF9 (Report source: OTHER)
10:45:24.686 [main] INFO  co.verisoft.fw.extentreport.DelegateExtentTest - Report Log - Log. Status: Info, detils: KEY: testId  VALUE: a8fe2b62-bd00-40c8-8686-7f593f1fe453 (Report source: OTHER)
10:45:26.287 [main] DEBUG co.verisoft.fw.selenium.drivers.VerisoftDriverManager - Register driver FirefoxDriver: firefox on WINDOWS (89267128-3fc7-4cf0-82e1-a022eeab508e) by Thread ID 1
10:45:26.288 [main] DEBUG co.verisoft.fw.selenium.drivers.VerisoftDriver - Driver activity log: get URL -> https://www.w3schools.com/html/default.asp
10:45:28.464 [main] DEBUG co.verisoft.fw.selenium.listeners.DriverListener - After Get Operation  URL https://www.w3schools.com/html/default.asp driver FirefoxDriver: firefox on WINDOWS (89267128-3fc7-4cf0-82e1-a022eeab508e) Action time: 1678956328464
10:45:28.465 [main] DEBUG co.verisoft.fw.selenium.drivers.VerisoftDriver - Driver activity log: Going to find multiple elements using locator -> By.linkText: HTML Tables
10:45:28.620 [main] DEBUG co.verisoft.fw.selenium.listeners.DriverListener - After find Elements. Found 1 Elements  using locatorBy.linkText: HTML Tables Action time 1678956328620 Elements list: [Decorated {[[FirefoxDriver: firefox on WINDOWS (89267128-3fc7-4cf0-82e1-a022eeab508e)] -> link text: HTML Tables]}] With driver FirefoxDriver: firefox on WINDOWS (89267128-3fc7-4cf0-82e1-a022eeab508e)
10:45:29.565 [main] DEBUG co.verisoft.fw.selenium.listeners.WebElementListener - Clicked on element [[FirefoxDriver: firefox on WINDOWS (89267128-3fc7-4cf0-82e1-a022eeab508e)] -> link text: HTML Tables] Action time: 1678956329565
10:45:32.566 [main] DEBUG co.verisoft.fw.selenium.drivers.VerisoftDriverManager - Get driver by Thread ID (Key)1
10:45:33.085 [main] INFO  co.verisoft.fw.extentreport.DelegateExtentTest - Report Log - Get Status. Status: Pass
10:45:33.086 [main] DEBUG co.verisoft.fw.store.StoreImp - Retrieved {} from store using key screenshots
10:45:33.086 [main] INFO  co.verisoft.fw.extentreport.DelegateExtentTest - Report Log - Pass. Details: Test Result - PASS
10:45:33.087 [main] INFO  co.verisoft.fw.extentreport.DelegateExtentReports - Flush report
